{
  "stats": {
    "suites": 1,
    "tests": 1,
    "passes": 0,
    "pending": 0,
    "failures": 1,
    "start": "2025-04-10T17:46:07.601Z",
    "end": "2025-04-10T17:46:13.945Z",
    "duration": 6344,
    "testsRegistered": 1,
    "passPercent": 0,
    "pendingPercent": 0,
    "other": 0,
    "hasOther": false,
    "skipped": 0,
    "hasSkipped": false
  },
  "results": [
    {
      "uuid": "341d4f38-cb47-4053-a66d-c64cba5eacb5",
      "title": "",
      "fullFile": "cypress\\e2e\\hotel-details.cy.js",
      "file": "cypress\\e2e\\hotel-details.cy.js",
      "beforeHooks": [],
      "afterHooks": [],
      "tests": [],
      "suites": [
        {
          "uuid": "14a2dd4e-3b6c-4982-8bf9-bdd8ea68f300",
          "title": "Hotel Details - Modular Locators & URL",
          "fullFile": "",
          "file": "",
          "beforeHooks": [],
          "afterHooks": [],
          "tests": [
            {
              "title": "Checks hotel detail page content and UI elements",
              "fullTitle": "Hotel Details - Modular Locators & URL Checks hotel detail page content and UI elements",
              "timedOut": null,
              "duration": 6303,
              "state": "failed",
              "speed": null,
              "pass": false,
              "fail": true,
              "pending": false,
              "context": null,
              "code": "cy.get('[data-testid=\"property-card\"]').first().click();\ncy.origin('https://www.booking.com', () => {\n  cy.get(_locators.hotelDetailLocators.hotelTitle).should('exist');\n  cy.get(_locators.hotelDetailLocators.reviewScore).should('be.visible');\n  cy.get(_locators.hotelDetailLocators.imageGallery).should('have.length.greaterThan', 1);\n  cy.contains('Amenities').should('exist');\n  cy.contains(/Wi[-]?Fi|Internet/i).should('exist');\n  cy.get(_locators.hotelDetailLocators.mapElement).should('exist');\n});",
              "err": {
                "message": "AssertionError: Timed out retrying after 4000ms: Expected to find element: `[data-testid=\"property-card\"]`, but never found it.",
                "estack": "AssertionError: Timed out retrying after 4000ms: Expected to find element: `[data-testid=\"property-card\"]`, but never found it.\n    at Context.eval (webpack:///./cypress/e2e/hotel-details.cy.js:10:7)",
                "diff": null
              },
              "uuid": "a77b7399-34be-4248-8947-c16ce2c3e0b6",
              "parentUUID": "14a2dd4e-3b6c-4982-8bf9-bdd8ea68f300",
              "isHook": false,
              "skipped": false
            }
          ],
          "suites": [],
          "passes": [],
          "failures": [
            "a77b7399-34be-4248-8947-c16ce2c3e0b6"
          ],
          "pending": [],
          "skipped": [],
          "duration": 6303,
          "root": false,
          "rootEmpty": false,
          "_timeout": 2000
        }
      ],
      "passes": [],
      "failures": [],
      "pending": [],
      "skipped": [],
      "duration": 0,
      "root": true,
      "rootEmpty": true,
      "_timeout": 2000
    }
  ],
  "meta": {
    "mocha": {
      "version": "7.2.0"
    },
    "mochawesome": {
      "options": {
        "quiet": false,
        "reportFilename": "mochawesome",
        "saveHtml": false,
        "saveJson": true,
        "consoleReporter": "spec",
        "useInlineDiffs": false,
        "code": true
      },
      "version": "7.1.3"
    },
    "marge": {
      "options": {
        "reportDir": "mochawesome-report",
        "overwrite": false,
        "html": false,
        "json": true
      },
      "version": "6.2.0"
    }
  }
}