{
  "stats": {
    "suites": 1,
    "tests": 3,
    "passes": 2,
    "pending": 0,
    "failures": 1,
    "start": "2025-04-10T17:45:57.946Z",
    "end": "2025-04-10T17:46:06.735Z",
    "duration": 8789,
    "testsRegistered": 3,
    "passPercent": 66.66666666666666,
    "pendingPercent": 0,
    "other": 0,
    "hasOther": false,
    "skipped": 0,
    "hasSkipped": false
  },
  "results": [
    {
      "uuid": "4dcddd3f-884a-4a33-b5b7-6a8a6fae93bb",
      "title": "",
      "fullFile": "cypress\\e2e\\flight-booking.cy.js",
      "file": "cypress\\e2e\\flight-booking.cy.js",
      "beforeHooks": [],
      "afterHooks": [],
      "tests": [],
      "suites": [
        {
          "uuid": "b800a6f4-f1a9-41f0-9e1d-6c62b548f5d4",
          "title": "Flight Booking - Config + Helpers",
          "fullFile": "",
          "file": "",
          "beforeHooks": [],
          "afterHooks": [],
          "tests": [
            {
              "title": "Enables return date for round-trip selection",
              "fullTitle": "Flight Booking - Config + Helpers Enables return date for round-trip selection",
              "timedOut": null,
              "duration": 8649,
              "state": "failed",
              "speed": null,
              "pass": false,
              "fail": true,
              "pending": false,
              "context": null,
              "code": "cy.get(_locators.flightPageLocators.roundTripRadio).click();\ncy.get(_locators.flightPageLocators.returnDateInput).should('not.be.disabled');",
              "err": {
                "message": "AssertionError: Timed out retrying after 4000ms: Expected to find element: `[data-testid=\"round-trip-radio-button\"]`, but never found it.",
                "estack": "AssertionError: Timed out retrying after 4000ms: Expected to find element: `[data-testid=\"round-trip-radio-button\"]`, but never found it.\n    at Context.eval (webpack:///./cypress/e2e/flight-booking.cy.js:10:7)",
                "diff": null
              },
              "uuid": "683f2953-f853-4abb-97be-f93d622c443c",
              "parentUUID": "b800a6f4-f1a9-41f0-9e1d-6c62b548f5d4",
              "isHook": false,
              "skipped": false
            },
            {
              "title": "Handles invalid date input (edge case)",
              "fullTitle": "Flight Booking - Config + Helpers Handles invalid date input (edge case)",
              "timedOut": null,
              "duration": 79,
              "state": "passed",
              "speed": "fast",
              "pass": true,
              "fail": false,
              "pending": false,
              "context": null,
              "code": "cy.log('Edge case for invalid date range (to be implemented based on availability)');",
              "err": {},
              "uuid": "b874ded9-9944-4cc9-9024-2d091febff2c",
              "parentUUID": "b800a6f4-f1a9-41f0-9e1d-6c62b548f5d4",
              "isHook": false,
              "skipped": false
            },
            {
              "title": "Reaches booking summary flow",
              "fullTitle": "Flight Booking - Config + Helpers Reaches booking summary flow",
              "timedOut": null,
              "duration": 6,
              "state": "passed",
              "speed": "fast",
              "pass": true,
              "fail": false,
              "pending": false,
              "context": null,
              "code": "cy.log('Simulated test for checkout step (dependent on regional access)');",
              "err": {},
              "uuid": "ec48588f-ff8a-40e3-896f-90af5cc04d85",
              "parentUUID": "b800a6f4-f1a9-41f0-9e1d-6c62b548f5d4",
              "isHook": false,
              "skipped": false
            }
          ],
          "suites": [],
          "passes": [
            "b874ded9-9944-4cc9-9024-2d091febff2c",
            "ec48588f-ff8a-40e3-896f-90af5cc04d85"
          ],
          "failures": [
            "683f2953-f853-4abb-97be-f93d622c443c"
          ],
          "pending": [],
          "skipped": [],
          "duration": 8734,
          "root": false,
          "rootEmpty": false,
          "_timeout": 2000
        }
      ],
      "passes": [],
      "failures": [],
      "pending": [],
      "skipped": [],
      "duration": 0,
      "root": true,
      "rootEmpty": true,
      "_timeout": 2000
    }
  ],
  "meta": {
    "mocha": {
      "version": "7.2.0"
    },
    "mochawesome": {
      "options": {
        "quiet": false,
        "reportFilename": "mochawesome",
        "saveHtml": false,
        "saveJson": true,
        "consoleReporter": "spec",
        "useInlineDiffs": false,
        "code": true
      },
      "version": "7.1.3"
    },
    "marge": {
      "options": {
        "reportDir": "mochawesome-report",
        "overwrite": false,
        "html": false,
        "json": true
      },
      "version": "6.2.0"
    }
  }
}