{
  "stats": {
    "suites": 1,
    "tests": 3,
    "passes": 0,
    "pending": 0,
    "failures": 3,
    "start": "2025-04-10T17:46:14.816Z",
    "end": "2025-04-10T17:46:37.876Z",
    "duration": 23060,
    "testsRegistered": 3,
    "passPercent": 0,
    "pendingPercent": 0,
    "other": 0,
    "hasOther": false,
    "skipped": 0,
    "hasSkipped": false
  },
  "results": [
    {
      "uuid": "325700be-0634-4485-8985-cdb90471887c",
      "title": "",
      "fullFile": "cypress\\e2e\\hotel-search.cy.js",
      "file": "cypress\\e2e\\hotel-search.cy.js",
      "beforeHooks": [],
      "afterHooks": [],
      "tests": [],
      "suites": [
        {
          "uuid": "96eb0746-8831-4cce-9654-eeb07c8e4999",
          "title": "Hotel Search - Config-driven & Modular",
          "fullFile": "",
          "file": "",
          "beforeHooks": [],
          "afterHooks": [],
          "tests": [
            {
              "title": "Performs a hotel search using config values",
              "fullTitle": "Hotel Search - Config-driven & Modular Performs a hotel search using config values",
              "timedOut": null,
              "duration": 14349,
              "state": "failed",
              "speed": null,
              "pass": false,
              "fail": true,
              "pending": false,
              "context": null,
              "code": "cy.get(_locators.homePageLocators.searchInput).type(`${Cypress.env('searchCity')}{enter}`);\ncy.get(`[data-date=\"${checkIn}\"]`).click();\ncy.get(`[data-date=\"${checkOut}\"]`).click();\ncy.get(_locators.homePageLocators.submitButton).click();\ncy.url().should('include', Cypress.env('searchCity').replace(' ', '+'));\ncy.get(_locators.homePageLocators.propertyCard).should('exist');",
              "err": {
                "message": "AssertionError: Timed out retrying after 4000ms: expected 'https://www.booking.com/searchresults.html?ss=Puerto+Vallarta&ssne=Puerto+Vallarta&ssne_untouched=Puerto+Vallarta&efdco=1&label=gen000bo-10CAEoggI46AdIM1gDaOwBiAEBmAEzuAEFyAEF2AED6AEB-AEBiAIBmAICqAIBuALmh-C_BsACAdICJDg0YTU4NTBlLTE1NDEtNGFmNy04MDE2LTUzYzM1NDllYzE0MdgCAeACAQ&aid=304142&lang=en-us&sb=1&src_elem=sb&src=searchresults&dest_id=-1690444&dest_type=city&checkin=2025-04-15&checkout=2025-04-18&group_adults=2&no_rooms=1&group_children=0' to include 'New+York'",
                "estack": "AssertionError: Timed out retrying after 4000ms: expected 'https://www.booking.com/searchresults.html?ss=Puerto+Vallarta&ssne=Puerto+Vallarta&ssne_untouched=Puerto+Vallarta&efdco=1&label=gen000bo-10CAEoggI46AdIM1gDaOwBiAEBmAEzuAEFyAEF2AED6AEB-AEBiAIBmAICqAIBuALmh-C_BsACAdICJDg0YTU4NTBlLTE1NDEtNGFmNy04MDE2LTUzYzM1NDllYzE0MdgCAeACAQ&aid=304142&lang=en-us&sb=1&src_elem=sb&src=searchresults&dest_id=-1690444&dest_type=city&checkin=2025-04-15&checkout=2025-04-18&group_adults=2&no_rooms=1&group_children=0' to include 'New+York'\n    at Context.eval (webpack:///./cypress/e2e/hotel-search.cy.js:19:13)",
                "diff": null
              },
              "uuid": "9d5c284b-afa0-41ec-9ba6-5ffe7a01ee92",
              "parentUUID": "96eb0746-8831-4cce-9654-eeb07c8e4999",
              "isHook": false,
              "skipped": false
            },
            {
              "title": "Applies Guest Rating filter 8+",
              "fullTitle": "Hotel Search - Config-driven & Modular Applies Guest Rating filter 8+",
              "timedOut": null,
              "duration": 4447,
              "state": "failed",
              "speed": null,
              "pass": false,
              "fail": true,
              "pending": false,
              "context": null,
              "code": "cy.contains('Review score').scrollIntoView();\ncy.contains('8+').click({\n  force: true\n});\ncy.get(_locators.homePageLocators.propertyCard).should('have.length.at.least', 1);",
              "err": {
                "message": "AssertionError: Timed out retrying after 4000ms: Expected to find content: 'Review score' but never did.",
                "estack": "AssertionError: Timed out retrying after 4000ms: Expected to find content: 'Review score' but never did.\n    at Context.eval (webpack:///./cypress/e2e/hotel-search.cy.js:24:7)",
                "diff": null
              },
              "uuid": "43228dde-a8c3-4d12-9027-4ee12032513e",
              "parentUUID": "96eb0746-8831-4cce-9654-eeb07c8e4999",
              "isHook": false,
              "skipped": false
            },
            {
              "title": "Sorts by Lowest Price",
              "fullTitle": "Hotel Search - Config-driven & Modular Sorts by Lowest Price",
              "timedOut": null,
              "duration": 4125,
              "state": "failed",
              "speed": null,
              "pass": false,
              "fail": true,
              "pending": false,
              "context": null,
              "code": "cy.contains('Sort by').click();\ncy.contains('Price (lowest first)').click();\ncy.get(_locators.homePageLocators.propertyCard).should('exist');",
              "err": {
                "message": "AssertionError: Timed out retrying after 4000ms: Expected to find content: 'Sort by' but never did.",
                "estack": "AssertionError: Timed out retrying after 4000ms: Expected to find content: 'Sort by' but never did.\n    at Context.eval (webpack:///./cypress/e2e/hotel-search.cy.js:30:7)",
                "diff": null
              },
              "uuid": "204848bd-ffb3-4b8c-b347-818b58463923",
              "parentUUID": "96eb0746-8831-4cce-9654-eeb07c8e4999",
              "isHook": false,
              "skipped": false
            }
          ],
          "suites": [],
          "passes": [],
          "failures": [
            "9d5c284b-afa0-41ec-9ba6-5ffe7a01ee92",
            "43228dde-a8c3-4d12-9027-4ee12032513e",
            "204848bd-ffb3-4b8c-b347-818b58463923"
          ],
          "pending": [],
          "skipped": [],
          "duration": 22921,
          "root": false,
          "rootEmpty": false,
          "_timeout": 2000
        }
      ],
      "passes": [],
      "failures": [],
      "pending": [],
      "skipped": [],
      "duration": 0,
      "root": true,
      "rootEmpty": true,
      "_timeout": 2000
    }
  ],
  "meta": {
    "mocha": {
      "version": "7.2.0"
    },
    "mochawesome": {
      "options": {
        "quiet": false,
        "reportFilename": "mochawesome",
        "saveHtml": false,
        "saveJson": true,
        "consoleReporter": "spec",
        "useInlineDiffs": false,
        "code": true
      },
      "version": "7.1.3"
    },
    "marge": {
      "options": {
        "reportDir": "mochawesome-report",
        "overwrite": false,
        "html": false,
        "json": true
      },
      "version": "6.2.0"
    }
  }
}